<?xml version="1.0" encoding="UTF-8"?>
<!-- Generated by org.testng.reporters.JUnitReportReporter -->
<testsuite hostname="Home-Ubuntu" name="ru.greg3d.Lesson2TestCoplect" tests="6" failures="0" timestamp="16 Feb 2016 21:47:08 GMT" time="9.902" errors="0">
  <testcase name="addWrongRecord" time="1.648" classname="ru.greg3d.Lesson2TestCoplect"/>
  <testcase name="deleteRecord" time="1.729" classname="ru.greg3d.Lesson2TestCoplect"/>
  <testcase name="testSearchFirstRecord" time="1.175" classname="ru.greg3d.Lesson2TestCoplect"/>
  <testcase name="testUnSearchFirstRecord" time="1.063" classname="ru.greg3d.Lesson2TestCoplect"/>
  <testcase name="addWrongRecord" time="1.607" classname="ru.greg3d.Lesson2TestCoplect"/>
  <testcase name="addCorrectRecord" time="2.680" classname="ru.greg3d.Lesson2TestCoplect"/>
</testsuite> <!-- ru.greg3d.Lesson2TestCoplect -->
