<?xml version="1.0" encoding="UTF-8"?>
<!-- Generated by org.testng.reporters.JUnitReportReporter -->
<testsuite hostname="WKS-CST-19" name="ru.greg3d.DoLogin" tests="4" failures="0" timestamp="16 Feb 2016 15:37:04 GMT" time="8.499" errors="0">
  <testcase name="addCorrectRecord" time="2.927" classname="ru.greg3d.DoLogin"/>
  <testcase name="addWrongRecord" time="1.604" classname="ru.greg3d.DoLogin"/>
  <testcase name="deleteRecord" time="2.306" classname="ru.greg3d.DoLogin"/>
  <testcase name="addWrongRecord" time="1.662" classname="ru.greg3d.DoLogin"/>
</testsuite> <!-- ru.greg3d.DoLogin -->
