<?xml version="1.0" encoding="UTF-8"?>
<!-- Generated by org.testng.reporters.JUnitReportReporter -->
<testsuite hostname="Home-Ubuntu" name="ru.greg3d.TestAddDeleteRecord" tests="2" failures="0" timestamp="16 Feb 2016 21:21:52 GMT" time="2.149" errors="0">
  <testcase name="testSearchFirstRecord" time="0.899" classname="ru.greg3d.TestAddDeleteRecord"/>
  <testcase name="testUnSearchFirstRecord" time="1.250" classname="ru.greg3d.TestAddDeleteRecord"/>
</testsuite> <!-- ru.greg3d.TestAddDeleteRecord -->
