<?xml version="1.0" encoding="UTF-8"?>
<!-- Generated by org.testng.reporters.JUnitReportReporter -->
<testsuite hostname="WKS-CST-19" name="ru.greg3d.testAssertion" tests="4" failures="0" timestamp="20 Feb 2016 14:58:55 GMT" time="0.027" errors="0">
  <testcase name="test2_2" time="0.016" classname="ru.greg3d.testAssertion"/>
  <testcase name="test" time="0.006" classname="ru.greg3d.testAssertion"/>
  <testcase name="test2" time="0.005" classname="ru.greg3d.testAssertion"/>
  <testcase name="test3" time="0.000" classname="ru.greg3d.testAssertion"/>
</testsuite> <!-- ru.greg3d.testAssertion -->
